\BOOKMARK [0][-]{chapter.1}{Einleitung}{}% 1
\BOOKMARK [1][-]{section.1.1}{Ziel}{chapter.1}% 2
\BOOKMARK [1][-]{section.1.2}{Structure}{chapter.1}% 3
\BOOKMARK [0][-]{chapter.2}{Preliminaries}{}% 4
\BOOKMARK [1][-]{section.2.1}{Stuff One}{chapter.2}% 5
\BOOKMARK [1][-]{section.2.2}{Stuff Tow}{chapter.2}% 6
\BOOKMARK [1][-]{section.2.3}{Stuff Three}{chapter.2}% 7
\BOOKMARK [2][-]{subsection.2.3.1}{Stuff Three.1}{section.2.3}% 8
\BOOKMARK [2][-]{subsection.2.3.2}{Stuff Three.2}{section.2.3}% 9
\BOOKMARK [3][-]{subsubsection.2.3.2.1}{Stuff Three.2.1}{subsection.2.3.2}% 10
\BOOKMARK [1][-]{section.2.4}{Stuff4}{chapter.2}% 11
\BOOKMARK [0][-]{chapter.3}{This is the first main part of the work}{}% 12
\BOOKMARK [1][-]{section.3.1}{Aufgabenbeschreibung}{chapter.3}% 13
\BOOKMARK [1][-]{section.3.2}{Implementierung einer Browser Extension zur Anzeige von Datenschutzinformationen im PlayStore}{chapter.3}% 14
\BOOKMARK [2][-]{subsection.3.2.1}{Method}{section.3.2}% 15
\BOOKMARK [2][-]{subsection.3.2.2}{Data Source}{section.3.2}% 16
\BOOKMARK [2][-]{subsection.3.2.3}{Results}{section.3.2}% 17
\BOOKMARK [2][-]{subsection.3.2.4}{Discussion}{section.3.2}% 18
\BOOKMARK [1][-]{section.3.3}{Evaluierung von Caching Methoden einer Browser Extension}{chapter.3}% 19
\BOOKMARK [2][-]{subsection.3.3.1}{Einleitung}{section.3.3}% 20
\BOOKMARK [2][-]{subsection.3.3.2}{Vorauswahl}{section.3.3}% 21
\BOOKMARK [2][-]{subsection.3.3.3}{Rahmenbedingungen}{section.3.3}% 22
\BOOKMARK [2][-]{subsection.3.3.4}{Vorgehensweise}{section.3.3}% 23
\BOOKMARK [2][-]{subsection.3.3.5}{Ergebnisse}{section.3.3}% 24
\BOOKMARK [2][-]{subsection.3.3.6}{Diskussion}{section.3.3}% 25
\BOOKMARK [0][-]{chapter.4}{LaTeX snippets}{}% 26
\BOOKMARK [1][-]{section.4.1}{Basics}{chapter.4}% 27
\BOOKMARK [1][-]{section.4.2}{Images}{chapter.4}% 28
\BOOKMARK [1][-]{section.4.3}{Math-Stuff}{chapter.4}% 29
\BOOKMARK [1][-]{section.4.4}{citing stuff}{chapter.4}% 30
\BOOKMARK [1][-]{section.4.5}{Tables}{chapter.4}% 31
\BOOKMARK [1][-]{section.4.6}{Pseudo Algorithm}{chapter.4}% 32
\BOOKMARK [1][-]{section.4.7}{Rotated Tables}{chapter.4}% 33
\BOOKMARK [0][-]{chapter.5}{Final Discussion}{}% 34
\BOOKMARK [1][-]{section.5.1}{Consolidation}{chapter.5}% 35
\BOOKMARK [1][-]{section.5.2}{Future Research}{chapter.5}% 36
\BOOKMARK [0][-]{chapter.6}{Appendix}{}% 37
\BOOKMARK [1][-]{section.6.1}{Derivations}{chapter.6}% 38
\BOOKMARK [2][-]{subsection.6.1.1}{Example Matlab Code}{section.6.1}% 39
